-----28.07.2011 9:41:47----------------------------------------
Запуск парсера
Читаем конфигурацию..
Проверка доступности CSV-каталога: 
\\fs.grif.ru\Torg\price
Скачиваем xls-прайс http://www.kontinental.ru/catfile/price.zip
xls-прайс удачно закачан
Удаляем временные файлы
Создаем новый временный файл
Подключаем xml-файл в OleDb 
Выгружаем таблицу в файл: 
\\fs.grif.ru\Torg\price\NergS.csv
Произошла ошибка
The process cannot access the file '\\fs.grif.ru\Torg\price\NergS.csv' because it is being used by another process.mscorlib
-----28.07.2011 9:42:10----------------------------------------
Запуск парсера
Читаем конфигурацию..
Проверка доступности CSV-каталога: 
\\fs.grif.ru\Torg\price
Скачиваем xls-прайс http://www.kontinental.ru/catfile/price.zip
xls-прайс удачно закачан
Удаляем временные файлы
Создаем новый временный файл
Подключаем xml-файл в OleDb 
Выгружаем таблицу в файл: 
\\fs.grif.ru\Torg\price\NergS.csv
Удаляем временные файлы
Парсер удачно завершен
-----28.07.2011 9:45:50----------------------------------------
Запуск парсера
Читаем конфигурацию..
Проверка доступности CSV-каталога: 
\\fs.grif.ru\Torg\price
Скачиваем xls-прайс http://www.kontinental.ru/catfile/price.zip
xls-прайс удачно закачан
Удаляем временные файлы
Создаем новый временный файл
Подключаем xml-файл в OleDb 
Выгружаем таблицу в файл: 
\\fs.grif.ru\Torg\price\NergS.csv
Произошла ошибка
The process cannot access the file '\\fs.grif.ru\Torg\price\NergS.csv' because it is being used by another process.mscorlib
-----28.07.2011 10:02:57----------------------------------------
Запуск парсера
Читаем конфигурацию..
Проверка доступности CSV-каталога: 
\\fs.grif.ru\Torg\price
Скачиваем xls-прайс http://www.kontinental.ru/catfile/price.zip
xls-прайс удачно закачан
Удаляем временные файлы
Создаем новый временный файл
Подключаем xml-файл в OleDb 
Выгружаем таблицу в файл: 
\\fs.grif.ru\Torg\price\NergS.csv
Удаляем временные файлы
Парсер удачно завершен
-----28.07.2011 10:18:07----------------------------------------
Запуск парсера
Читаем конфигурацию..
Проверка доступности CSV-каталога: 
\\fs.grif.ru\Torg\price
Скачиваем xls-прайс http://www.kontinental.ru/catfile/price.zip
xls-прайс удачно закачан
Удаляем временные файлы
Создаем новый временный файл
Подключаем xml-файл в OleDb 
Выгружаем таблицу в файл: 
\\fs.grif.ru\Torg\price\NergS.csv
Удаляем временные файлы
Парсер удачно завершен
-----28.07.2011 10:18:17----------------------------------------
Запуск парсера
Читаем конфигурацию..
Проверка доступности CSV-каталога: 
\\fs.grif.ru\Torg\price
Скачиваем xls-прайс http://www.kontinental.ru/catfile/price.zip
xls-прайс удачно закачан
Удаляем временные файлы
Создаем новый временный файл
Подключаем xml-файл в OleDb 
Выгружаем таблицу в файл: 
\\fs.grif.ru\Torg\price\NergS.csv
Удаляем временные файлы
Парсер удачно завершен
-----28.07.2011 10:32:05----------------------------------------
Запуск парсера
Читаем конфигурацию..
Проверка доступности CSV-каталога: 
\\fs.grif.ru\Torg\price
Скачиваем xls-прайс http://www.kontinental.ru/catfile/price.zip
xls-прайс удачно закачан
Удаляем временные файлы
Создаем новый временный файл
Подключаем xml-файл в OleDb 
Выгружаем таблицу в файл: 
\\fs.grif.ru\Torg\price\NergS.csv
Удаляем временные файлы
Парсер удачно завершен
